<?xml version="1.0" encoding="UTF-8"?>
<testng-results ignored="0" total="1" passed="1" failed="0" skipped="0">
  <reporter-output>
  </reporter-output>
  <suite started-at="2025-04-05T11:01:05 IST" name="Suite" finished-at="2025-04-05T11:01:11 IST" duration-ms="5733">
    <groups>
    </groups>
    <test started-at="2025-04-05T11:01:05 IST" name="Test" finished-at="2025-04-05T11:01:11 IST" duration-ms="5733">
      <class name="tests.LoginTest">
        <test-method is-config="true" signature="setup()[pri:0, instance:tests.LoginTest@20deea7f]" started-at="2025-04-05T11:01:05 IST" name="setup" finished-at="2025-04-05T11:01:10 IST" duration-ms="5125" status="PASS">
          <reporter-output>
          </reporter-output>
        </test-method> <!-- setup -->
        <test-method signature="testvalidlogin()[pri:0, instance:tests.LoginTest@20deea7f]" started-at="2025-04-05T11:01:10 IST" name="testvalidlogin" finished-at="2025-04-05T11:01:11 IST" duration-ms="567" status="PASS">
          <reporter-output>
          </reporter-output>
        </test-method> <!-- testvalidlogin -->
        <test-method is-config="true" signature="teardown()[pri:0, instance:tests.LoginTest@20deea7f]" started-at="2025-04-05T11:01:11 IST" name="teardown" finished-at="2025-04-05T11:01:11 IST" duration-ms="1" status="PASS">
          <reporter-output>
          </reporter-output>
        </test-method> <!-- teardown -->
      </class> <!-- tests.LoginTest -->
    </test> <!-- Test -->
  </suite> <!-- Suite -->
</testng-results>
